[DEBUG] 2017-05-22 09:27:58:837 org.apache.ibatis.logging.LogFactory (LogFactory.java:124) - Logging initialized using 'class org.apache.ibatis.logging.slf4j.Slf4jImpl' adapter.
[DEBUG] 2017-05-22 09:28:01:284 com.hdos.platform.base.menu.mapper.MenuMapper.queryMenuByPMenuId (BaseJdbcLogger.java:132) - ooo Using Connection [oracle.jdbc.driver.T4CConnection@7fe5]
[DEBUG] 2017-05-22 09:28:01:289 com.hdos.platform.base.menu.mapper.MenuMapper.queryMenuByPMenuId (BaseJdbcLogger.java:132) - ==>  Preparing: select MENU_ID,MENU_NAME,P_MENU_ID,URL,IS_DIR,STATUS,CREATE_TIME,UPDATE_TIME,SORT_NO,ICONCLS ,case IS_DIR when 0 then 'open' when 1 then 'closed' end as STATE from PUB_MENU where P_MENU_ID = ? and STATUS>=0 order by SORT_NO 
[DEBUG] 2017-05-22 09:28:01:379 com.hdos.platform.base.menu.mapper.MenuMapper.queryMenuByPMenuId (BaseJdbcLogger.java:132) - ==> Parameters: -1(String)
[DEBUG] 2017-05-22 09:28:01:587 com.hdos.platform.base.menu.mapper.MenuMapper.queryMenuByPMenuId (BaseJdbcLogger.java:132) - <==      Total: 6
[DEBUG] 2017-05-22 09:28:01:602 com.hdos.platform.base.menu.mapper.MenuMapper.readMenuByMenuId (BaseJdbcLogger.java:132) - ooo Using Connection [oracle.jdbc.driver.T4CConnection@7fe5]
[DEBUG] 2017-05-22 09:28:01:602 com.hdos.platform.base.menu.mapper.MenuMapper.readMenuByMenuId (BaseJdbcLogger.java:132) - ==>  Preparing: select MENU_ID,MENU_NAME,P_MENU_ID,URL,IS_DIR,STATUS,CREATE_TIME,UPDATE_TIME,SORT_NO,ICONCLS from PUB_MENU where MENU_ID = ? and STATUS>=0 ORDER BY SORT_NO 
[DEBUG] 2017-05-22 09:28:01:603 com.hdos.platform.base.menu.mapper.MenuMapper.readMenuByMenuId (BaseJdbcLogger.java:132) - ==> Parameters: 241f86af-d55e-423c-966b-fb5403012771(String)
[DEBUG] 2017-05-22 09:28:01:620 com.hdos.platform.base.menu.mapper.MenuMapper.readMenuByMenuId (BaseJdbcLogger.java:132) - <==      Total: 1
[DEBUG] 2017-05-22 09:28:01:629 com.hdos.platform.base.menu.mapper.MenuMapper.getTreeDataByRoleSelected (BaseJdbcLogger.java:132) - ooo Using Connection [oracle.jdbc.driver.T4CConnection@7fe5]
[DEBUG] 2017-05-22 09:28:01:629 com.hdos.platform.base.menu.mapper.MenuMapper.getTreeDataByRoleSelected (BaseJdbcLogger.java:132) - ==>  Preparing: select m.*,case IS_DIR when 0 then 'open' when 1 then 'closed' end as STATE FROM PUB_MENU m,PUB_MENU_R_ROLE t where m.MENU_ID = t.MENU_ID and t.ROLE_ID = ? and m.Status >= 0 ORDER BY m.SORT_NO 
[DEBUG] 2017-05-22 09:28:01:629 com.hdos.platform.base.menu.mapper.MenuMapper.getTreeDataByRoleSelected (BaseJdbcLogger.java:132) - ==> Parameters: 402882e5-567d6841-0156-7d693379-0001(String)
[DEBUG] 2017-05-22 09:28:01:666 com.hdos.platform.base.menu.mapper.MenuMapper.getTreeDataByRoleSelected (BaseJdbcLogger.java:132) - <==      Total: 39
[DEBUG] 2017-05-22 09:28:01:667 com.hdos.platform.base.menu.mapper.MenuMapper.queryMenuByPMenuId (BaseJdbcLogger.java:132) - ooo Using Connection [oracle.jdbc.driver.T4CConnection@7fe5]
[DEBUG] 2017-05-22 09:28:01:667 com.hdos.platform.base.menu.mapper.MenuMapper.queryMenuByPMenuId (BaseJdbcLogger.java:132) - ==>  Preparing: select MENU_ID,MENU_NAME,P_MENU_ID,URL,IS_DIR,STATUS,CREATE_TIME,UPDATE_TIME,SORT_NO,ICONCLS ,case IS_DIR when 0 then 'open' when 1 then 'closed' end as STATE from PUB_MENU where P_MENU_ID = ? and STATUS>=0 order by SORT_NO 
[DEBUG] 2017-05-22 09:28:01:668 com.hdos.platform.base.menu.mapper.MenuMapper.queryMenuByPMenuId (BaseJdbcLogger.java:132) - ==> Parameters: -1(String)
[DEBUG] 2017-05-22 09:28:01:670 com.hdos.platform.base.menu.mapper.MenuMapper.queryMenuByPMenuId (BaseJdbcLogger.java:132) - <==      Total: 6
[DEBUG] 2017-05-22 09:28:01:703 com.hdos.platform.base.operation.mapper.OperationMapper.listOperation (BaseJdbcLogger.java:132) - ooo Using Connection [oracle.jdbc.driver.T4CConnection@7fe5]
[DEBUG] 2017-05-22 09:28:01:704 com.hdos.platform.base.operation.mapper.OperationMapper.listOperation (BaseJdbcLogger.java:132) - ==>  Preparing: select OPERATION_ID,MENU_ID, OPERATION_NAME, OPERATION_CODE, REMARK,STATUS, CREATE_TIME, UPDATE_TIME, SORT_NO from PUB_OPERATION where MENU_ID in ( ? , ? , ? , ? , ? , ? ) ORDER BY UPDATE_TIME DESC 
[DEBUG] 2017-05-22 09:28:01:704 com.hdos.platform.base.operation.mapper.OperationMapper.listOperation (BaseJdbcLogger.java:132) - ==> Parameters: 241f86af-d55e-423c-966b-fb5403012771(String), 402882e7-59679d23-0159-679d2318-0001(String), 402882e5-59878872-0159-87887264-0001(String), 402882e9-5987b6d4-0159-87b6d429-0001(String), 402882e9-5a06a94c-015a-06ab2321-0002(String), 402882e8-5a1b3b30-015a-1b3de7b6-0004(String)
[DEBUG] 2017-05-22 09:28:01:721 com.hdos.platform.base.operation.mapper.OperationMapper.listOperation (BaseJdbcLogger.java:132) - <==      Total: 0
[DEBUG] 2017-05-22 09:28:01:741 com.hdos.platform.base.menu.mapper.MenuMapper.queryMenuByPMenuId (BaseJdbcLogger.java:132) - ooo Using Connection [oracle.jdbc.driver.T4CConnection@7fe5]
[DEBUG] 2017-05-22 09:28:01:741 com.hdos.platform.base.menu.mapper.MenuMapper.queryMenuByPMenuId (BaseJdbcLogger.java:132) - ==>  Preparing: select MENU_ID,MENU_NAME,P_MENU_ID,URL,IS_DIR,STATUS,CREATE_TIME,UPDATE_TIME,SORT_NO,ICONCLS ,case IS_DIR when 0 then 'open' when 1 then 'closed' end as STATE from PUB_MENU where P_MENU_ID = ? and STATUS>=0 order by SORT_NO 
[DEBUG] 2017-05-22 09:28:01:741 com.hdos.platform.base.menu.mapper.MenuMapper.queryMenuByPMenuId (BaseJdbcLogger.java:132) - ==> Parameters: -1(String)
[DEBUG] 2017-05-22 09:28:01:743 com.hdos.platform.base.menu.mapper.MenuMapper.queryMenuByPMenuId (BaseJdbcLogger.java:132) - <==      Total: 6
[DEBUG] 2017-05-22 09:28:01:750 com.hdos.platform.base.menu.mapper.MenuMapper.queryTreeByRole (BaseJdbcLogger.java:132) - ooo Using Connection [oracle.jdbc.driver.T4CConnection@7fe5]
[DEBUG] 2017-05-22 09:28:01:750 com.hdos.platform.base.menu.mapper.MenuMapper.queryTreeByRole (BaseJdbcLogger.java:132) - ==>  Preparing: select MENU_ID,MENU_NAME,P_MENU_ID,URL,IS_DIR,STATUS,CREATE_TIME,UPDATE_TIME,SORT_NO,ICONCLS from PUB_MENU o where o.menu_id in( SELECT m.MENU_ID FROM PUB_MENU m,PUB_MENU_R_ROLE t,PUB_USER_R_ROLE s WHERE m.MENU_ID = t.MENU_ID AND t.ROLE_ID = s.ROLE_ID AND s.USER_ID = ? and m.P_MENU_ID = ? and STATUS >= 0 ) ORDER BY o.SORT_NO 
[DEBUG] 2017-05-22 09:28:01:751 com.hdos.platform.base.menu.mapper.MenuMapper.queryTreeByRole (BaseJdbcLogger.java:132) - ==> Parameters: 402882e5-567d6841-0156-7d693379-0001(String), -1(String)
[DEBUG] 2017-05-22 09:28:01:795 com.hdos.platform.base.menu.mapper.MenuMapper.queryTreeByRole (BaseJdbcLogger.java:132) - <==      Total: 0
[DEBUG] 2017-05-22 09:28:01:803 com.hdos.platform.base.menu.mapper.MenuMapper.deleteMenuRole (BaseJdbcLogger.java:132) - ooo Using Connection [oracle.jdbc.driver.T4CConnection@7fe5]
[DEBUG] 2017-05-22 09:28:01:803 com.hdos.platform.base.menu.mapper.MenuMapper.deleteMenuRole (BaseJdbcLogger.java:132) - ==>  Preparing: delete from PUB_MENU_R_ROLE where ROLE_ID=? 
[DEBUG] 2017-05-22 09:28:01:804 com.hdos.platform.base.menu.mapper.MenuMapper.deleteMenuRole (BaseJdbcLogger.java:132) - ==> Parameters: 402882e5-567d6841-0156-7d693379-0001(String)
[DEBUG] 2017-05-22 09:28:01:855 com.hdos.platform.base.menu.mapper.MenuMapper.insertMenuRole (BaseJdbcLogger.java:132) - ooo Using Connection [oracle.jdbc.driver.T4CConnection@7fe5]
[DEBUG] 2017-05-22 09:28:01:855 com.hdos.platform.base.menu.mapper.MenuMapper.insertMenuRole (BaseJdbcLogger.java:132) - ==>  Preparing: insert into PUB_MENU_R_ROLE(ROLE_ID,MENU_ID) select ?,? from dual 
[DEBUG] 2017-05-22 09:28:01:855 com.hdos.platform.base.menu.mapper.MenuMapper.insertMenuRole (BaseJdbcLogger.java:132) - ==> Parameters: 402882e5-567d6841-0156-7d693379-0001(String), 241f86af-d55e-423c-966b-fb5403012771(String)
[DEBUG] 2017-05-22 09:28:01:858 com.hdos.platform.base.menu.mapper.MenuMapper.insertMenuRole (BaseJdbcLogger.java:132) - <==    Updates: 1
[DEBUG] 2017-05-22 09:28:01:981 com.hdos.platform.base.menu.mapper.MenuMapper.countSubMenus (BaseJdbcLogger.java:132) - ooo Using Connection [oracle.jdbc.driver.T4CConnection@7fe5]
[DEBUG] 2017-05-22 09:28:01:981 com.hdos.platform.base.menu.mapper.MenuMapper.countSubMenus (BaseJdbcLogger.java:132) - ==>  Preparing: select count(1) from PUB_MENU where P_MENU_ID=? and STATUS>=0 ORDER BY SORT_NO 
[DEBUG] 2017-05-22 09:28:01:981 com.hdos.platform.base.menu.mapper.MenuMapper.countSubMenus (BaseJdbcLogger.java:132) - ==> Parameters: -1(String)
[DEBUG] 2017-05-22 09:28:01:989 com.hdos.platform.base.menu.mapper.MenuMapper.countSubMenus (BaseJdbcLogger.java:132) - <==      Total: 1
[DEBUG] 2017-05-22 09:28:01:996 com.hdos.platform.base.menu.mapper.MenuMapper.deleteMenuByMenuId (BaseJdbcLogger.java:132) - ooo Using Connection [oracle.jdbc.driver.T4CConnection@7fe5]
[DEBUG] 2017-05-22 09:28:01:996 com.hdos.platform.base.menu.mapper.MenuMapper.deleteMenuByMenuId (BaseJdbcLogger.java:132) - ==>  Preparing: update PUB_MENU set STATUS=-1 where MENU_ID=? 
[DEBUG] 2017-05-22 09:28:01:997 com.hdos.platform.base.menu.mapper.MenuMapper.deleteMenuByMenuId (BaseJdbcLogger.java:132) - ==> Parameters: 402882e6-5847b5d2-0158-48028eb2-0033(String)
[DEBUG] 2017-05-22 09:28:02:008 com.hdos.platform.base.menu.mapper.MenuMapper.insertMenu (BaseJdbcLogger.java:132) - ooo Using Connection [oracle.jdbc.driver.T4CConnection@7fe5]
[DEBUG] 2017-05-22 09:28:02:008 com.hdos.platform.base.menu.mapper.MenuMapper.insertMenu (BaseJdbcLogger.java:132) - ==>  Preparing: insert into PUB_MENU ( MENU_ID,MENU_NAME,P_MENU_ID,URL,IS_DIR,STATUS,CREATE_TIME,UPDATE_TIME,SORT_NO,ICONCLS ) values (?,?,?,?,?,0,?,?, (SELECT NEW_SORT_NO FROM (select COALESCE(MAX(SORT_NO),0)+1 as NEW_SORT_NO from PUB_MENU where P_MENU_ID = ?) a), ? ) 
[DEBUG] 2017-05-22 09:28:02:011 com.hdos.platform.base.menu.mapper.MenuMapper.insertMenu (BaseJdbcLogger.java:132) - ==> Parameters: 2c9eb081-5c2dc4a8-015c-2dc4a8d4-0001(String), junit(String), -1(String), null, 0(Integer), 2017-05-22 09:28:02.004(Timestamp), 2017-05-22 09:28:02.004(Timestamp), -1(String), null
[DEBUG] 2017-05-22 09:28:02:056 com.hdos.platform.base.component.mapper.CodeGenerateMapper.verifyCode (BaseJdbcLogger.java:132) - ooo Using Connection [oracle.jdbc.driver.T4CConnection@7fe5]
[DEBUG] 2017-05-22 09:28:02:057 com.hdos.platform.base.component.mapper.CodeGenerateMapper.verifyCode (BaseJdbcLogger.java:132) - ==>  Preparing: SELECT ID,BUSINESS_NAME,BUSINESS_KEY,GENERATE_TYPE,LAST_GENERATE_TIME,RULE,LENGTH,NO FROM PUB_CODE_GENERATE T WHERE T.LAST_GENERATE_TIME is not null and T.ID in ( ? ) 
[DEBUG] 2017-05-22 09:28:02:057 com.hdos.platform.base.component.mapper.CodeGenerateMapper.verifyCode (BaseJdbcLogger.java:132) - ==> Parameters: 402882e6-58901111-0158-9011d391-0002(String)
[DEBUG] 2017-05-22 09:28:02:066 com.hdos.platform.base.component.mapper.CodeGenerateMapper.verifyCode (BaseJdbcLogger.java:132) - <==      Total: 0
[DEBUG] 2017-05-22 09:28:02:067 com.hdos.platform.base.component.mapper.CodeGenerateMapper.deleteInBulk (BaseJdbcLogger.java:132) - ooo Using Connection [oracle.jdbc.driver.T4CConnection@7fe5]
[DEBUG] 2017-05-22 09:28:02:067 com.hdos.platform.base.component.mapper.CodeGenerateMapper.deleteInBulk (BaseJdbcLogger.java:132) - ==>  Preparing: delete from PUB_CODE_GENERATE where ID in ( ? ) 
[DEBUG] 2017-05-22 09:28:02:067 com.hdos.platform.base.component.mapper.CodeGenerateMapper.deleteInBulk (BaseJdbcLogger.java:132) - ==> Parameters: 402882e6-58901111-0158-9011d391-0002(String)
[DEBUG] 2017-05-22 09:28:02:075 com.hdos.platform.base.component.mapper.CodeGenerateMapper.count (BaseJdbcLogger.java:132) - ooo Using Connection [oracle.jdbc.driver.T4CConnection@7fe5]
[DEBUG] 2017-05-22 09:28:02:075 com.hdos.platform.base.component.mapper.CodeGenerateMapper.count (BaseJdbcLogger.java:132) - ==>  Preparing: SELECT count(1) FROM PUB_CODE_GENERATE WHERE PUB_CODE_GENERATE.BUSINESS_KEY = ? OR PUB_CODE_GENERATE.BUSINESS_NAME = ? 
[DEBUG] 2017-05-22 09:28:02:076 com.hdos.platform.base.component.mapper.CodeGenerateMapper.count (BaseJdbcLogger.java:132) - ==> Parameters: junit(String), junit(String)
[DEBUG] 2017-05-22 09:28:02:080 com.hdos.platform.base.component.mapper.CodeGenerateMapper.count (BaseJdbcLogger.java:132) - <==      Total: 1
[DEBUG] 2017-05-22 09:28:02:081 com.hdos.platform.base.component.mapper.CodeGenerateMapper.insert (BaseJdbcLogger.java:132) - ooo Using Connection [oracle.jdbc.driver.T4CConnection@7fe5]
[DEBUG] 2017-05-22 09:28:02:082 com.hdos.platform.base.component.mapper.CodeGenerateMapper.insert (BaseJdbcLogger.java:132) - ==>  Preparing: insert into PUB_CODE_GENERATE ( ID,BUSINESS_NAME,BUSINESS_KEY,GENERATE_TYPE,LAST_GENERATE_TIME,RULE,LENGTH,NO ) values ( ? ,? ,? ,? ,? ,? ,? ,? ) 
[DEBUG] 2017-05-22 09:28:02:083 com.hdos.platform.base.component.mapper.CodeGenerateMapper.insert (BaseJdbcLogger.java:132) - ==> Parameters: 2c9eb081-5c2dc4a8-015c-2dc4a91a-0002(String), junit(String), junit(String), null, null, null, null, null
[DEBUG] 2017-05-22 09:28:02:089 com.hdos.platform.base.component.mapper.CodeGenerateMapper.getById (BaseJdbcLogger.java:132) - ooo Using Connection [oracle.jdbc.driver.T4CConnection@7fe5]
[DEBUG] 2017-05-22 09:28:02:090 com.hdos.platform.base.component.mapper.CodeGenerateMapper.getById (BaseJdbcLogger.java:132) - ==>  Preparing: select ID,BUSINESS_NAME,BUSINESS_KEY,GENERATE_TYPE,LAST_GENERATE_TIME,RULE,LENGTH,NO from PUB_CODE_GENERATE where ID = ? 
[DEBUG] 2017-05-22 09:28:02:090 com.hdos.platform.base.component.mapper.CodeGenerateMapper.getById (BaseJdbcLogger.java:132) - ==> Parameters: 1(String)
[DEBUG] 2017-05-22 09:28:02:092 com.hdos.platform.base.component.mapper.CodeGenerateMapper.getById (BaseJdbcLogger.java:132) - <==      Total: 0
[DEBUG] 2017-05-22 09:28:02:102 com.hdos.platform.base.component.mapper.CodeGenerateMapper.list (BaseJdbcLogger.java:132) - ooo Using Connection [oracle.jdbc.driver.T4CConnection@7fe5]
[DEBUG] 2017-05-22 09:28:02:103 com.hdos.platform.base.component.mapper.CodeGenerateMapper.list (BaseJdbcLogger.java:132) - ==>  Preparing: select ID,BUSINESS_NAME,BUSINESS_KEY,GENERATE_TYPE,LAST_GENERATE_TIME,RULE,LENGTH,NO FROM PUB_CODE_GENERATE WHERE BUSINESS_KEY like CONCAT(CONCAT('%', ?),'%') ORDER BY LAST_GENERATE_TIME DESC 
[DEBUG] 2017-05-22 09:28:02:103 com.hdos.platform.base.component.mapper.CodeGenerateMapper.list (BaseJdbcLogger.java:132) - ==> Parameters: junit(String)
[DEBUG] 2017-05-22 09:28:02:106 com.hdos.platform.base.component.mapper.CodeGenerateMapper.list (BaseJdbcLogger.java:132) - <==      Total: 0
[DEBUG] 2017-05-22 09:28:02:113 com.hdos.platform.base.component.mapper.CodeGenerateMapper.count (BaseJdbcLogger.java:132) - ooo Using Connection [oracle.jdbc.driver.T4CConnection@7fe5]
[DEBUG] 2017-05-22 09:28:02:113 com.hdos.platform.base.component.mapper.CodeGenerateMapper.count (BaseJdbcLogger.java:132) - ==>  Preparing: SELECT count(1) FROM PUB_CODE_GENERATE 
[DEBUG] 2017-05-22 09:28:02:113 com.hdos.platform.base.component.mapper.CodeGenerateMapper.count (BaseJdbcLogger.java:132) - ==> Parameters: 
[DEBUG] 2017-05-22 09:28:02:117 com.hdos.platform.base.component.mapper.CodeGenerateMapper.count (BaseJdbcLogger.java:132) - <==      Total: 1
[DEBUG] 2017-05-22 09:28:02:118 com.hdos.platform.base.component.mapper.CodeGenerateMapper.list (BaseJdbcLogger.java:132) - ooo Using Connection [oracle.jdbc.driver.T4CConnection@7fe5]
[DEBUG] 2017-05-22 09:28:02:119 com.hdos.platform.base.component.mapper.CodeGenerateMapper.list (BaseJdbcLogger.java:132) - ==>  Preparing: select * from ( select row_.*, rownum rownum_ from ( select ID,BUSINESS_NAME,BUSINESS_KEY,GENERATE_TYPE,LAST_GENERATE_TIME,RULE,LENGTH,NO FROM PUB_CODE_GENERATE ORDER BY LAST_GENERATE_TIME DESC ) row_ ) where rownum_ > 0 and rownum_ <= 20 
[DEBUG] 2017-05-22 09:28:02:119 com.hdos.platform.base.component.mapper.CodeGenerateMapper.list (BaseJdbcLogger.java:132) - ==> Parameters: 
[DEBUG] 2017-05-22 09:28:02:123 com.hdos.platform.base.component.mapper.CodeGenerateMapper.list (BaseJdbcLogger.java:132) - <==      Total: 4
[DEBUG] 2017-05-22 09:28:02:161 com.hdos.platform.base.user.mapper.UserMapper.getById (BaseJdbcLogger.java:132) - ooo Using Connection [oracle.jdbc.driver.T4CConnection@7fe5]
[DEBUG] 2017-05-22 09:28:02:161 com.hdos.platform.base.user.mapper.UserMapper.getById (BaseJdbcLogger.java:132) - ==>  Preparing: select USER_ID, STATUS, CREATE_TIME, UPDATE_TIME, SORT_NO, NICK_NAME, USER_NAME, TYPE, GENDER, PHONE, EMAIL, DESCRIPTION, DEPARTMENT_ID,USER_ACCOUNT,USER_CODE,MERCHANT_ID from PUB_USER where USER_ID = ? and status != -1 
[DEBUG] 2017-05-22 09:28:02:161 com.hdos.platform.base.user.mapper.UserMapper.getById (BaseJdbcLogger.java:132) - ==> Parameters: 402882e7-56b0c799-0156-b0c79902-0000(String)
[DEBUG] 2017-05-22 09:28:02:167 com.hdos.platform.base.user.mapper.UserMapper.getById (BaseJdbcLogger.java:132) - <==      Total: 0
[DEBUG] 2017-05-22 09:28:02:226 com.hdos.platform.base.department.mapper.DepartmentMapper.queryByParentId (BaseJdbcLogger.java:132) - ooo Using Connection [oracle.jdbc.driver.T4CConnection@7fe5]
[DEBUG] 2017-05-22 09:28:02:227 com.hdos.platform.base.department.mapper.DepartmentMapper.queryByParentId (BaseJdbcLogger.java:132) - ==>  Preparing: select DEPARTMENT_ID,STATUS,CREATE_TIME,UPDATE_TIME,SORT_NO,PARENT_ID,DEPARTMENT_NAME,FULL_NAME,CODE,FULL_CODE,DEPARTMENT_LEVEL,TYPE,REMARK,DEPARTMENT_CODE ,case (select count(1) from PUB_DEPARTMENT where PARENT_ID= ? and STATUS>=0) when 0 then 'open' else 'closed' end as STATE from PUB_DEPARTMENT where PARENT_ID = ? AND STATUS>=0 order by CREATE_TIME ASC 
[DEBUG] 2017-05-22 09:28:02:227 com.hdos.platform.base.department.mapper.DepartmentMapper.queryByParentId (BaseJdbcLogger.java:132) - ==> Parameters: -1(String), -1(String)
[DEBUG] 2017-05-22 09:28:02:253 com.hdos.platform.base.department.mapper.DepartmentMapper.queryByParentId (BaseJdbcLogger.java:132) - <==      Total: 17
[DEBUG] 2017-05-22 09:28:02:260 com.hdos.platform.base.department.mapper.DepartmentMapper.queryAllByParentId (BaseJdbcLogger.java:132) - ooo Using Connection [oracle.jdbc.driver.T4CConnection@7fe5]
[DEBUG] 2017-05-22 09:28:02:260 com.hdos.platform.base.department.mapper.DepartmentMapper.queryAllByParentId (BaseJdbcLogger.java:132) - ==>  Preparing: select DEPARTMENT_ID,STATUS,CREATE_TIME,UPDATE_TIME,SORT_NO,PARENT_ID,DEPARTMENT_NAME,FULL_NAME,CODE,FULL_CODE,DEPARTMENT_LEVEL,TYPE,REMARK,DEPARTMENT_CODE from PUB_DEPARTMENT where FULL_CODE like concat(?,'%') and STATUS>=0 order by SORT_NO asc 
[DEBUG] 2017-05-22 09:28:02:260 com.hdos.platform.base.department.mapper.DepartmentMapper.queryAllByParentId (BaseJdbcLogger.java:132) - ==> Parameters: -1(String)
[DEBUG] 2017-05-22 09:28:02:264 com.hdos.platform.base.department.mapper.DepartmentMapper.queryAllByParentId (BaseJdbcLogger.java:132) - <==      Total: 0
[DEBUG] 2017-05-22 09:28:02:271 com.hdos.platform.base.department.mapper.DepartmentMapper.countSubDepartments (BaseJdbcLogger.java:132) - ooo Using Connection [oracle.jdbc.driver.T4CConnection@7fe5]
[DEBUG] 2017-05-22 09:28:02:271 com.hdos.platform.base.department.mapper.DepartmentMapper.countSubDepartments (BaseJdbcLogger.java:132) - ==>  Preparing: select count(1) from PUB_DEPARTMENT where PARENT_ID=? and STATUS>=0 
[DEBUG] 2017-05-22 09:28:02:271 com.hdos.platform.base.department.mapper.DepartmentMapper.countSubDepartments (BaseJdbcLogger.java:132) - ==> Parameters: 402882e6-586fead7-0158-6fead724-0001(String)
[DEBUG] 2017-05-22 09:28:02:274 com.hdos.platform.base.department.mapper.DepartmentMapper.countSubDepartments (BaseJdbcLogger.java:132) - <==      Total: 1
[DEBUG] 2017-05-22 09:28:02:281 com.hdos.platform.base.department.mapper.DepartmentMapper.searchFirstDepartment (BaseJdbcLogger.java:132) - ooo Using Connection [oracle.jdbc.driver.T4CConnection@7fe5]
[DEBUG] 2017-05-22 09:28:02:281 com.hdos.platform.base.department.mapper.DepartmentMapper.searchFirstDepartment (BaseJdbcLogger.java:132) - ==>  Preparing: select DEPARTMENT_ID FROM PUB_DEPARTMENT where STATUS >=0 and ROWNUM = 1 
[DEBUG] 2017-05-22 09:28:02:281 com.hdos.platform.base.department.mapper.DepartmentMapper.searchFirstDepartment (BaseJdbcLogger.java:132) - ==> Parameters: 
[DEBUG] 2017-05-22 09:28:02:284 com.hdos.platform.base.department.mapper.DepartmentMapper.searchFirstDepartment (BaseJdbcLogger.java:132) - <==      Total: 1
[DEBUG] 2017-05-22 09:28:02:292 com.hdos.platform.base.department.mapper.DepartmentMapper.count (BaseJdbcLogger.java:132) - ooo Using Connection [oracle.jdbc.driver.T4CConnection@7fe5]
[DEBUG] 2017-05-22 09:28:02:292 com.hdos.platform.base.department.mapper.DepartmentMapper.count (BaseJdbcLogger.java:132) - ==>  Preparing: SELECT count(1) FROM PUB_DEPARTMENT WHERE STATUS != -1 AND DEPARTMENT_ID != ? AND PARENT_ID = ? AND DEPARTMENT_NAME = ? 
[DEBUG] 2017-05-22 09:28:02:292 com.hdos.platform.base.department.mapper.DepartmentMapper.count (BaseJdbcLogger.java:132) - ==> Parameters: null, -1(String), junit(String)
[DEBUG] 2017-05-22 09:28:02:295 com.hdos.platform.base.department.mapper.DepartmentMapper.count (BaseJdbcLogger.java:132) - <==      Total: 1
[DEBUG] 2017-05-22 09:28:02:298 com.hdos.platform.base.component.mapper.CodeGenerateMapper.list (BaseJdbcLogger.java:132) - ooo Using Connection [oracle.jdbc.driver.T4CConnection@7fe5]
[DEBUG] 2017-05-22 09:28:02:298 com.hdos.platform.base.component.mapper.CodeGenerateMapper.list (BaseJdbcLogger.java:132) - ==>  Preparing: select ID,BUSINESS_NAME,BUSINESS_KEY,GENERATE_TYPE,LAST_GENERATE_TIME,RULE,LENGTH,NO FROM PUB_CODE_GENERATE WHERE BUSINESS_KEY like CONCAT(CONCAT('%', ?),'%') ORDER BY LAST_GENERATE_TIME DESC 
[DEBUG] 2017-05-22 09:28:02:298 com.hdos.platform.base.component.mapper.CodeGenerateMapper.list (BaseJdbcLogger.java:132) - ==> Parameters: departmentCode(String)
[DEBUG] 2017-05-22 09:28:02:300 com.hdos.platform.base.component.mapper.CodeGenerateMapper.list (BaseJdbcLogger.java:132) - <==      Total: 0
[DEBUG] 2017-05-22 09:28:02:301 com.hdos.platform.base.department.mapper.DepartmentMapper.verifyDepartmentCode (BaseJdbcLogger.java:132) - ooo Using Connection [oracle.jdbc.driver.T4CConnection@7fe5]
[DEBUG] 2017-05-22 09:28:02:301 com.hdos.platform.base.department.mapper.DepartmentMapper.verifyDepartmentCode (BaseJdbcLogger.java:132) - ==>  Preparing: select COUNT(1) from PUB_DEPARTMENT where DEPARTMENT_CODE = ? and STATUS != -1 
[DEBUG] 2017-05-22 09:28:02:302 com.hdos.platform.base.department.mapper.DepartmentMapper.verifyDepartmentCode (BaseJdbcLogger.java:132) - ==> Parameters: null
[DEBUG] 2017-05-22 09:28:02:305 com.hdos.platform.base.department.mapper.DepartmentMapper.verifyDepartmentCode (BaseJdbcLogger.java:132) - <==      Total: 1
[DEBUG] 2017-05-22 09:28:02:306 com.hdos.platform.base.department.mapper.DepartmentMapper.insert (BaseJdbcLogger.java:132) - ooo Using Connection [oracle.jdbc.driver.T4CConnection@7fe5]
[DEBUG] 2017-05-22 09:28:02:306 com.hdos.platform.base.department.mapper.DepartmentMapper.insert (BaseJdbcLogger.java:132) - ==>  Preparing: insert into PUB_DEPARTMENT ( DEPARTMENT_ID,STATUS,CREATE_TIME,UPDATE_TIME,SORT_NO,PARENT_ID,DEPARTMENT_NAME,FULL_NAME,CODE,FULL_CODE,DEPARTMENT_LEVEL,TYPE,REMARK,DEPARTMENT_CODE ) values ( ?,0,?,?,0,?, ?,?, (select lpad(COALESCE(MAX(CODE),'0') + 1, 2, '0') as NEW_CODE from PUB_DEPARTMENT where PARENT_ID = ? AND STATUS != -1), (select concat((select coalesce((select FULL_CODE from PUB_DEPARTMENT where DEPARTMENT_ID =? and STATUS !=-1), '') FROM DUAL), (select lpad(coalesce(MAX(CODE), '0') + 1, 2, '0') from PUB_DEPARTMENT where PARENT_ID = ? and STATUS !=-1)) FROM DUAL), (SELECT (COALESCE((SELECT DISTINCT DEPARTMENT_LEVEL FROM PUB_DEPARTMENT t WHERE t.DEPARTMENT_ID = ?),0)+1) FROM DUAL), ?,?,? ) 
[DEBUG] 2017-05-22 09:28:02:307 com.hdos.platform.base.department.mapper.DepartmentMapper.insert (BaseJdbcLogger.java:132) - ==> Parameters: 2c9eb081-5c2dc4a8-015c-2dc4a9f8-0003(String), 2017-05-22 09:28:02.296(Timestamp), 2017-05-22 09:28:02.296(Timestamp), -1(String), junit(String), junit(String), -1(String), -1(String), -1(String), -1(String), null, null, null
[DEBUG] 2017-05-22 09:28:02:314 com.hdos.platform.base.department.mapper.DepartmentMapper.queryByParentId (BaseJdbcLogger.java:132) - ooo Using Connection [oracle.jdbc.driver.T4CConnection@7fe5]
[DEBUG] 2017-05-22 09:28:02:314 com.hdos.platform.base.department.mapper.DepartmentMapper.queryByParentId (BaseJdbcLogger.java:132) - ==>  Preparing: select DEPARTMENT_ID,STATUS,CREATE_TIME,UPDATE_TIME,SORT_NO,PARENT_ID,DEPARTMENT_NAME,FULL_NAME,CODE,FULL_CODE,DEPARTMENT_LEVEL,TYPE,REMARK,DEPARTMENT_CODE ,case (select count(1) from PUB_DEPARTMENT where PARENT_ID= ? and STATUS>=0) when 0 then 'open' else 'closed' end as STATE from PUB_DEPARTMENT where PARENT_ID = ? AND STATUS>=0 order by CREATE_TIME ASC 
[DEBUG] 2017-05-22 09:28:02:314 com.hdos.platform.base.department.mapper.DepartmentMapper.queryByParentId (BaseJdbcLogger.java:132) - ==> Parameters: -1(String), -1(String)
[DEBUG] 2017-05-22 09:28:02:319 com.hdos.platform.base.department.mapper.DepartmentMapper.queryByParentId (BaseJdbcLogger.java:132) - <==      Total: 17
[DEBUG] 2017-05-22 09:28:02:320 com.hdos.platform.base.department.mapper.DepartmentMapper.countSubDepartments (BaseJdbcLogger.java:132) - ooo Using Connection [oracle.jdbc.driver.T4CConnection@7fe5]
[DEBUG] 2017-05-22 09:28:02:320 com.hdos.platform.base.department.mapper.DepartmentMapper.countSubDepartments (BaseJdbcLogger.java:132) - ==>  Preparing: select count(1) from PUB_DEPARTMENT where PARENT_ID=? and STATUS>=0 
[DEBUG] 2017-05-22 09:28:02:320 com.hdos.platform.base.department.mapper.DepartmentMapper.countSubDepartments (BaseJdbcLogger.java:132) - ==> Parameters: 402882ec-59482107-0159-4821074c-0001(String)
[DEBUG] 2017-05-22 09:28:02:321 com.hdos.platform.base.department.mapper.DepartmentMapper.countSubDepartments (BaseJdbcLogger.java:132) - <==      Total: 1
[DEBUG] 2017-05-22 09:28:02:322 com.hdos.platform.base.department.mapper.DepartmentMapper.countSubDepartments (BaseJdbcLogger.java:132) - ooo Using Connection [oracle.jdbc.driver.T4CConnection@7fe5]
[DEBUG] 2017-05-22 09:28:02:322 com.hdos.platform.base.department.mapper.DepartmentMapper.countSubDepartments (BaseJdbcLogger.java:132) - ==>  Preparing: select count(1) from PUB_DEPARTMENT where PARENT_ID=? and STATUS>=0 
[DEBUG] 2017-05-22 09:28:02:322 com.hdos.platform.base.department.mapper.DepartmentMapper.countSubDepartments (BaseJdbcLogger.java:132) - ==> Parameters: 402882ec-594928a4-0159-4928a460-0001(String)
[DEBUG] 2017-05-22 09:28:02:324 com.hdos.platform.base.department.mapper.DepartmentMapper.countSubDepartments (BaseJdbcLogger.java:132) - <==      Total: 1
[DEBUG] 2017-05-22 09:28:02:324 com.hdos.platform.base.department.mapper.DepartmentMapper.countSubDepartments (BaseJdbcLogger.java:132) - ooo Using Connection [oracle.jdbc.driver.T4CConnection@7fe5]
[DEBUG] 2017-05-22 09:28:02:325 com.hdos.platform.base.department.mapper.DepartmentMapper.countSubDepartments (BaseJdbcLogger.java:132) - ==>  Preparing: select count(1) from PUB_DEPARTMENT where PARENT_ID=? and STATUS>=0 
[DEBUG] 2017-05-22 09:28:02:325 com.hdos.platform.base.department.mapper.DepartmentMapper.countSubDepartments (BaseJdbcLogger.java:132) - ==> Parameters: 402882e9-59491c2e-0159-4955387b-0006(String)
[DEBUG] 2017-05-22 09:28:02:326 com.hdos.platform.base.department.mapper.DepartmentMapper.countSubDepartments (BaseJdbcLogger.java:132) - <==      Total: 1
[DEBUG] 2017-05-22 09:28:02:327 com.hdos.platform.base.department.mapper.DepartmentMapper.countSubDepartments (BaseJdbcLogger.java:132) - ooo Using Connection [oracle.jdbc.driver.T4CConnection@7fe5]
[DEBUG] 2017-05-22 09:28:02:327 com.hdos.platform.base.department.mapper.DepartmentMapper.countSubDepartments (BaseJdbcLogger.java:132) - ==>  Preparing: select count(1) from PUB_DEPARTMENT where PARENT_ID=? and STATUS>=0 
[DEBUG] 2017-05-22 09:28:02:327 com.hdos.platform.base.department.mapper.DepartmentMapper.countSubDepartments (BaseJdbcLogger.java:132) - ==> Parameters: 402882ec-59498921-0159-4995bbd4-0004(String)
[DEBUG] 2017-05-22 09:28:02:328 com.hdos.platform.base.department.mapper.DepartmentMapper.countSubDepartments (BaseJdbcLogger.java:132) - <==      Total: 1
[DEBUG] 2017-05-22 09:28:02:329 com.hdos.platform.base.department.mapper.DepartmentMapper.countSubDepartments (BaseJdbcLogger.java:132) - ooo Using Connection [oracle.jdbc.driver.T4CConnection@7fe5]
[DEBUG] 2017-05-22 09:28:02:329 com.hdos.platform.base.department.mapper.DepartmentMapper.countSubDepartments (BaseJdbcLogger.java:132) - ==>  Preparing: select count(1) from PUB_DEPARTMENT where PARENT_ID=? and STATUS>=0 
[DEBUG] 2017-05-22 09:28:02:332 com.hdos.platform.base.department.mapper.DepartmentMapper.countSubDepartments (BaseJdbcLogger.java:132) - ==> Parameters: 402882ec-5966f6e9-0159-66f6e9e2-0001(String)
[DEBUG] 2017-05-22 09:28:02:335 com.hdos.platform.base.department.mapper.DepartmentMapper.countSubDepartments (BaseJdbcLogger.java:132) - <==      Total: 1
[DEBUG] 2017-05-22 09:28:02:336 com.hdos.platform.base.department.mapper.DepartmentMapper.countSubDepartments (BaseJdbcLogger.java:132) - ooo Using Connection [oracle.jdbc.driver.T4CConnection@7fe5]
[DEBUG] 2017-05-22 09:28:02:336 com.hdos.platform.base.department.mapper.DepartmentMapper.countSubDepartments (BaseJdbcLogger.java:132) - ==>  Preparing: select count(1) from PUB_DEPARTMENT where PARENT_ID=? and STATUS>=0 
[DEBUG] 2017-05-22 09:28:02:337 com.hdos.platform.base.department.mapper.DepartmentMapper.countSubDepartments (BaseJdbcLogger.java:132) - ==> Parameters: 402882e5-5ad0bea7-015a-d0bea76b-0001(String)
[DEBUG] 2017-05-22 09:28:02:338 com.hdos.platform.base.department.mapper.DepartmentMapper.countSubDepartments (BaseJdbcLogger.java:132) - <==      Total: 1
[DEBUG] 2017-05-22 09:28:02:339 com.hdos.platform.base.department.mapper.DepartmentMapper.countSubDepartments (BaseJdbcLogger.java:132) - ooo Using Connection [oracle.jdbc.driver.T4CConnection@7fe5]
[DEBUG] 2017-05-22 09:28:02:339 com.hdos.platform.base.department.mapper.DepartmentMapper.countSubDepartments (BaseJdbcLogger.java:132) - ==>  Preparing: select count(1) from PUB_DEPARTMENT where PARENT_ID=? and STATUS>=0 
[DEBUG] 2017-05-22 09:28:02:339 com.hdos.platform.base.department.mapper.DepartmentMapper.countSubDepartments (BaseJdbcLogger.java:132) - ==> Parameters: 402882e5-5ad0bea7-015a-d0bedd05-0002(String)
[DEBUG] 2017-05-22 09:28:02:340 com.hdos.platform.base.department.mapper.DepartmentMapper.countSubDepartments (BaseJdbcLogger.java:132) - <==      Total: 1
[DEBUG] 2017-05-22 09:28:02:341 com.hdos.platform.base.department.mapper.DepartmentMapper.countSubDepartments (BaseJdbcLogger.java:132) - ooo Using Connection [oracle.jdbc.driver.T4CConnection@7fe5]
[DEBUG] 2017-05-22 09:28:02:341 com.hdos.platform.base.department.mapper.DepartmentMapper.countSubDepartments (BaseJdbcLogger.java:132) - ==>  Preparing: select count(1) from PUB_DEPARTMENT where PARENT_ID=? and STATUS>=0 
[DEBUG] 2017-05-22 09:28:02:341 com.hdos.platform.base.department.mapper.DepartmentMapper.countSubDepartments (BaseJdbcLogger.java:132) - ==> Parameters: 402882e5-5ad0bea7-015a-d0bf412f-0004(String)
[DEBUG] 2017-05-22 09:28:02:342 com.hdos.platform.base.department.mapper.DepartmentMapper.countSubDepartments (BaseJdbcLogger.java:132) - <==      Total: 1
[DEBUG] 2017-05-22 09:28:02:343 com.hdos.platform.base.department.mapper.DepartmentMapper.countSubDepartments (BaseJdbcLogger.java:132) - ooo Using Connection [oracle.jdbc.driver.T4CConnection@7fe5]
[DEBUG] 2017-05-22 09:28:02:343 com.hdos.platform.base.department.mapper.DepartmentMapper.countSubDepartments (BaseJdbcLogger.java:132) - ==>  Preparing: select count(1) from PUB_DEPARTMENT where PARENT_ID=? and STATUS>=0 
[DEBUG] 2017-05-22 09:28:02:344 com.hdos.platform.base.department.mapper.DepartmentMapper.countSubDepartments (BaseJdbcLogger.java:132) - ==> Parameters: 402882e5-5ad0bea7-015a-d0c1a1f0-000c(String)
[DEBUG] 2017-05-22 09:28:02:345 com.hdos.platform.base.department.mapper.DepartmentMapper.countSubDepartments (BaseJdbcLogger.java:132) - <==      Total: 1
[DEBUG] 2017-05-22 09:28:02:345 com.hdos.platform.base.department.mapper.DepartmentMapper.countSubDepartments (BaseJdbcLogger.java:132) - ooo Using Connection [oracle.jdbc.driver.T4CConnection@7fe5]
[DEBUG] 2017-05-22 09:28:02:346 com.hdos.platform.base.department.mapper.DepartmentMapper.countSubDepartments (BaseJdbcLogger.java:132) - ==>  Preparing: select count(1) from PUB_DEPARTMENT where PARENT_ID=? and STATUS>=0 
[DEBUG] 2017-05-22 09:28:02:346 com.hdos.platform.base.department.mapper.DepartmentMapper.countSubDepartments (BaseJdbcLogger.java:132) - ==> Parameters: 402882e5-5ad0bea7-015a-d0c1c1e4-000d(String)
[DEBUG] 2017-05-22 09:28:02:348 com.hdos.platform.base.department.mapper.DepartmentMapper.countSubDepartments (BaseJdbcLogger.java:132) - <==      Total: 1
[DEBUG] 2017-05-22 09:28:02:349 com.hdos.platform.base.department.mapper.DepartmentMapper.countSubDepartments (BaseJdbcLogger.java:132) - ooo Using Connection [oracle.jdbc.driver.T4CConnection@7fe5]
[DEBUG] 2017-05-22 09:28:02:349 com.hdos.platform.base.department.mapper.DepartmentMapper.countSubDepartments (BaseJdbcLogger.java:132) - ==>  Preparing: select count(1) from PUB_DEPARTMENT where PARENT_ID=? and STATUS>=0 
[DEBUG] 2017-05-22 09:28:02:349 com.hdos.platform.base.department.mapper.DepartmentMapper.countSubDepartments (BaseJdbcLogger.java:132) - ==> Parameters: 402882e5-5ad0bea7-015a-d0c20c14-0010(String)
[DEBUG] 2017-05-22 09:28:02:350 com.hdos.platform.base.department.mapper.DepartmentMapper.countSubDepartments (BaseJdbcLogger.java:132) - <==      Total: 1
[DEBUG] 2017-05-22 09:28:02:351 com.hdos.platform.base.department.mapper.DepartmentMapper.countSubDepartments (BaseJdbcLogger.java:132) - ooo Using Connection [oracle.jdbc.driver.T4CConnection@7fe5]
[DEBUG] 2017-05-22 09:28:02:351 com.hdos.platform.base.department.mapper.DepartmentMapper.countSubDepartments (BaseJdbcLogger.java:132) - ==>  Preparing: select count(1) from PUB_DEPARTMENT where PARENT_ID=? and STATUS>=0 
[DEBUG] 2017-05-22 09:28:02:352 com.hdos.platform.base.department.mapper.DepartmentMapper.countSubDepartments (BaseJdbcLogger.java:132) - ==> Parameters: 402882e5-5ad0bea7-015a-d0c23ae0-0011(String)
[DEBUG] 2017-05-22 09:28:02:355 com.hdos.platform.base.department.mapper.DepartmentMapper.countSubDepartments (BaseJdbcLogger.java:132) - <==      Total: 1
[DEBUG] 2017-05-22 09:28:02:356 com.hdos.platform.base.department.mapper.DepartmentMapper.countSubDepartments (BaseJdbcLogger.java:132) - ooo Using Connection [oracle.jdbc.driver.T4CConnection@7fe5]
[DEBUG] 2017-05-22 09:28:02:356 com.hdos.platform.base.department.mapper.DepartmentMapper.countSubDepartments (BaseJdbcLogger.java:132) - ==>  Preparing: select count(1) from PUB_DEPARTMENT where PARENT_ID=? and STATUS>=0 
[DEBUG] 2017-05-22 09:28:02:356 com.hdos.platform.base.department.mapper.DepartmentMapper.countSubDepartments (BaseJdbcLogger.java:132) - ==> Parameters: 402882e5-5ad0bea7-015a-d0c261ae-0013(String)
[DEBUG] 2017-05-22 09:28:02:357 com.hdos.platform.base.department.mapper.DepartmentMapper.countSubDepartments (BaseJdbcLogger.java:132) - <==      Total: 1
[DEBUG] 2017-05-22 09:28:02:358 com.hdos.platform.base.department.mapper.DepartmentMapper.countSubDepartments (BaseJdbcLogger.java:132) - ooo Using Connection [oracle.jdbc.driver.T4CConnection@7fe5]
[DEBUG] 2017-05-22 09:28:02:358 com.hdos.platform.base.department.mapper.DepartmentMapper.countSubDepartments (BaseJdbcLogger.java:132) - ==>  Preparing: select count(1) from PUB_DEPARTMENT where PARENT_ID=? and STATUS>=0 
[DEBUG] 2017-05-22 09:28:02:358 com.hdos.platform.base.department.mapper.DepartmentMapper.countSubDepartments (BaseJdbcLogger.java:132) - ==> Parameters: 402882e5-5ad0c72e-015a-d0c7efc8-0005(String)
[DEBUG] 2017-05-22 09:28:02:360 com.hdos.platform.base.department.mapper.DepartmentMapper.countSubDepartments (BaseJdbcLogger.java:132) - <==      Total: 1
[DEBUG] 2017-05-22 09:28:02:360 com.hdos.platform.base.department.mapper.DepartmentMapper.countSubDepartments (BaseJdbcLogger.java:132) - ooo Using Connection [oracle.jdbc.driver.T4CConnection@7fe5]
[DEBUG] 2017-05-22 09:28:02:360 com.hdos.platform.base.department.mapper.DepartmentMapper.countSubDepartments (BaseJdbcLogger.java:132) - ==>  Preparing: select count(1) from PUB_DEPARTMENT where PARENT_ID=? and STATUS>=0 
[DEBUG] 2017-05-22 09:28:02:361 com.hdos.platform.base.department.mapper.DepartmentMapper.countSubDepartments (BaseJdbcLogger.java:132) - ==> Parameters: 402882e5-5ad0c72e-015a-d0c840c2-0008(String)
[DEBUG] 2017-05-22 09:28:02:362 com.hdos.platform.base.department.mapper.DepartmentMapper.countSubDepartments (BaseJdbcLogger.java:132) - <==      Total: 1
[DEBUG] 2017-05-22 09:28:02:363 com.hdos.platform.base.department.mapper.DepartmentMapper.countSubDepartments (BaseJdbcLogger.java:132) - ooo Using Connection [oracle.jdbc.driver.T4CConnection@7fe5]
[DEBUG] 2017-05-22 09:28:02:363 com.hdos.platform.base.department.mapper.DepartmentMapper.countSubDepartments (BaseJdbcLogger.java:132) - ==>  Preparing: select count(1) from PUB_DEPARTMENT where PARENT_ID=? and STATUS>=0 
[DEBUG] 2017-05-22 09:28:02:363 com.hdos.platform.base.department.mapper.DepartmentMapper.countSubDepartments (BaseJdbcLogger.java:132) - ==> Parameters: 402882e5-5ad0c72e-015a-d0c88952-000a(String)
[DEBUG] 2017-05-22 09:28:02:365 com.hdos.platform.base.department.mapper.DepartmentMapper.countSubDepartments (BaseJdbcLogger.java:132) - <==      Total: 1
[DEBUG] 2017-05-22 09:28:02:366 com.hdos.platform.base.department.mapper.DepartmentMapper.countSubDepartments (BaseJdbcLogger.java:132) - ooo Using Connection [oracle.jdbc.driver.T4CConnection@7fe5]
[DEBUG] 2017-05-22 09:28:02:366 com.hdos.platform.base.department.mapper.DepartmentMapper.countSubDepartments (BaseJdbcLogger.java:132) - ==>  Preparing: select count(1) from PUB_DEPARTMENT where PARENT_ID=? and STATUS>=0 
[DEBUG] 2017-05-22 09:28:02:366 com.hdos.platform.base.department.mapper.DepartmentMapper.countSubDepartments (BaseJdbcLogger.java:132) - ==> Parameters: 402882e7-5afe41fa-015a-fe442d0b-0003(String)
[DEBUG] 2017-05-22 09:28:02:367 com.hdos.platform.base.department.mapper.DepartmentMapper.countSubDepartments (BaseJdbcLogger.java:132) - <==      Total: 1
[DEBUG] 2017-05-22 09:28:02:373 com.hdos.platform.base.department.mapper.DepartmentMapper.getFirstName (BaseJdbcLogger.java:132) - ooo Using Connection [oracle.jdbc.driver.T4CConnection@7fe5]
[DEBUG] 2017-05-22 09:28:02:373 com.hdos.platform.base.department.mapper.DepartmentMapper.getFirstName (BaseJdbcLogger.java:132) - ==>  Preparing: select DEPARTMENT_NAME FROM PUB_DEPARTMENT where STATUS >=0 and ROWNUM = 1 
[DEBUG] 2017-05-22 09:28:02:374 com.hdos.platform.base.department.mapper.DepartmentMapper.getFirstName (BaseJdbcLogger.java:132) - ==> Parameters: 
[DEBUG] 2017-05-22 09:28:02:376 com.hdos.platform.base.department.mapper.DepartmentMapper.getFirstName (BaseJdbcLogger.java:132) - <==      Total: 1
[DEBUG] 2017-05-22 09:28:02:393 com.hdos.platform.base.department.mapper.DepartmentMapper.getIdByFullName (BaseJdbcLogger.java:132) - ooo Using Connection [oracle.jdbc.driver.T4CConnection@7fe5]
[DEBUG] 2017-05-22 09:28:02:393 com.hdos.platform.base.department.mapper.DepartmentMapper.getIdByFullName (BaseJdbcLogger.java:132) - ==>  Preparing: select DEPARTMENT_ID from PUB_DEPARTMENT where FULL_NAME =? 
[DEBUG] 2017-05-22 09:28:02:394 com.hdos.platform.base.department.mapper.DepartmentMapper.getIdByFullName (BaseJdbcLogger.java:132) - ==> Parameters: junit(String)
[DEBUG] 2017-05-22 09:28:02:397 com.hdos.platform.base.department.mapper.DepartmentMapper.getIdByFullName (BaseJdbcLogger.java:132) - <==      Total: 0
[DEBUG] 2017-05-22 09:28:02:404 com.hdos.platform.base.department.mapper.DepartmentMapper.verifyUser (BaseJdbcLogger.java:132) - ooo Using Connection [oracle.jdbc.driver.T4CConnection@7fe5]
[DEBUG] 2017-05-22 09:28:02:404 com.hdos.platform.base.department.mapper.DepartmentMapper.verifyUser (BaseJdbcLogger.java:132) - ==>  Preparing: SELECT count(1) FROM PUB_USER T WHERE T.DEPARTMENT_ID = ? 
[DEBUG] 2017-05-22 09:28:02:404 com.hdos.platform.base.department.mapper.DepartmentMapper.verifyUser (BaseJdbcLogger.java:132) - ==> Parameters: 402882e6-586fead7-0158-6fead724-0001(String)
[DEBUG] 2017-05-22 09:28:02:408 com.hdos.platform.base.department.mapper.DepartmentMapper.verifyUser (BaseJdbcLogger.java:132) - <==      Total: 1
[DEBUG] 2017-05-22 09:28:02:409 com.hdos.platform.base.department.mapper.DepartmentMapper.deleteByDepartmentId (BaseJdbcLogger.java:132) - ooo Using Connection [oracle.jdbc.driver.T4CConnection@7fe5]
[DEBUG] 2017-05-22 09:28:02:409 com.hdos.platform.base.department.mapper.DepartmentMapper.deleteByDepartmentId (BaseJdbcLogger.java:132) - ==>  Preparing: update PUB_DEPARTMENT set STATUS=-1 where DEPARTMENT_ID=? 
[DEBUG] 2017-05-22 09:28:02:409 com.hdos.platform.base.department.mapper.DepartmentMapper.deleteByDepartmentId (BaseJdbcLogger.java:132) - ==> Parameters: 402882e6-586fead7-0158-6fead724-0001(String)
[DEBUG] 2017-05-22 09:28:02:417 com.hdos.platform.base.department.mapper.DepartmentMapper.getById (BaseJdbcLogger.java:132) - ooo Using Connection [oracle.jdbc.driver.T4CConnection@7fe5]
[DEBUG] 2017-05-22 09:28:02:418 com.hdos.platform.base.department.mapper.DepartmentMapper.getById (BaseJdbcLogger.java:132) - ==>  Preparing: select DEPARTMENT_ID,STATUS,CREATE_TIME,UPDATE_TIME,SORT_NO,PARENT_ID,DEPARTMENT_NAME,FULL_NAME,CODE,FULL_CODE,DEPARTMENT_LEVEL,TYPE,REMARK,DEPARTMENT_CODE from PUB_DEPARTMENT where DEPARTMENT_ID = ? and status != -1 
[DEBUG] 2017-05-22 09:28:02:418 com.hdos.platform.base.department.mapper.DepartmentMapper.getById (BaseJdbcLogger.java:132) - ==> Parameters: 121(String)
[DEBUG] 2017-05-22 09:28:02:420 com.hdos.platform.base.department.mapper.DepartmentMapper.getById (BaseJdbcLogger.java:132) - <==      Total: 0
